<?xml version="1.0" encoding="UTF-8"?>
<!-- Generated by org.testng.reporters.JUnitXMLReporter -->
<testsuite hostname="CDC2-D-CLJTXJ2" ignored="0" tests="5" failures="0" timestamp="2019-09-25T14:48:01 IST" time="44.276" errors="0">
  <testcase name="passtest" time="9.3" classname="ReportOnlineShopping"/>
  <testcase name="testRegistration" time="13.586" classname="ReportOnlineShopping"/>
  <testcase name="testLogin" time="2.386" classname="ReportOnlineShopping"/>
  <testcase name="testCart" time="5.287" classname="ReportOnlineShopping"/>
  <testcase name="testPayment" time="12.175" classname="ReportOnlineShopping"/>
</testsuite>
